#
# There is insufficient memory for the Java Runtime Environment to continue.
# Native memory allocation (malloc) failed to allocate 88384 bytes for Chunk::new
# Possible reasons:
#   The system is out of physical RAM or swap space
#   The process is running with CompressedOops enabled, and the Java Heap may be blocking the growth of the native heap
# Possible solutions:
#   Reduce memory load on the system
#   Increase physical memory or swap space
#   Check if swap backing store is full
#   Decrease Java heap size (-Xmx/-Xms)
#   Decrease number of Java threads
#   Decrease Java thread stack sizes (-Xss)
#   Set larger code cache with -XX:ReservedCodeCacheSize=
#   JVM is running with Unscaled Compressed Oops mode in which the Java heap is
#     placed in the first 4GB address space. The Java Heap base address is the
#     maximum limit for the native heap growth. Please use -XX:HeapBaseMinAddress
#     to set the Java Heap base and to place the Java Heap above 4GB virtual address.
# This output file may be truncated or incomplete.
#
#  Out of Memory Error (allocation.cpp:390), pid=13444, tid=0x0000000000005090
#
# JRE version: Java(TM) SE Runtime Environment (8.0_201-b09) (build 1.8.0_201-b09)
# Java VM: Java HotSpot(TM) 64-Bit Server VM (25.201-b09 mixed mode windows-amd64 compressed oops)
# Failed to write core dump. Minidumps are not enabled by default on client versions of Windows
#

---------------  T H R E A D  ---------------

Current thread (0x0000000019746000):  JavaThread "C2 CompilerThread0" daemon [_thread_in_native, id=20624, stack(0x0000000019dc0000,0x0000000019ec0000)]

Stack: [0x0000000019dc0000,0x0000000019ec0000]
[error occurred during error reporting (printing stack bounds), id 0xc0000005]

Native frames: (J=compiled Java code, j=interpreted, Vv=VM code, C=native code)


Current CompileTask:
C2:  13972 7255       4       java.awt.Container::findComponentAtImpl (161 bytes)


---------------  P R O C E S S  ---------------

Java Threads: ( => current thread )
  0x0000000019758800 JavaThread "D3D Screen Updater" daemon [_thread_blocked, id=1700, stack(0x0000000036f70000,0x0000000037070000)]
  0x0000000019757800 JavaThread "Keep-Alive-Timer" daemon [_thread_blocked, id=30020, stack(0x0000000036e70000,0x0000000036f70000)]
  0x00000000280e5800 JavaThread "TimerQueue" daemon [_thread_blocked, id=30672, stack(0x000000002a8d0000,0x000000002a9d0000)]
  0x000000000254e800 JavaThread "DestroyJavaVM" [_thread_blocked, id=34492, stack(0x0000000002650000,0x0000000002750000)]
  0x000000001a82e800 JavaThread "AWT-EventQueue-0" [_thread_blocked, id=20928, stack(0x000000001b270000,0x000000001b370000)]
  0x000000001a828000 JavaThread "AWT-Windows" daemon [_thread_in_native, id=31224, stack(0x000000001afc0000,0x000000001b0c0000)]
  0x000000001a891000 JavaThread "AWT-Shutdown" [_thread_blocked, id=3848, stack(0x000000001aec0000,0x000000001afc0000)]
  0x000000001a890800 JavaThread "Java2D Disposer" daemon [_thread_blocked, id=30432, stack(0x000000001adc0000,0x000000001aec0000)]
  0x00000000197e3000 JavaThread "Service Thread" daemon [_thread_blocked, id=31484, stack(0x000000001a1c0000,0x000000001a2c0000)]
  0x000000001975d000 JavaThread "C1 CompilerThread3" daemon [_thread_blocked, id=29708, stack(0x000000001a0c0000,0x000000001a1c0000)]
  0x000000001974f000 JavaThread "C2 CompilerThread2" daemon [_thread_blocked, id=9400, stack(0x0000000019fc0000,0x000000001a0c0000)]
  0x000000001974b000 JavaThread "C2 CompilerThread1" daemon [_thread_blocked, id=11216, stack(0x0000000019ec0000,0x0000000019fc0000)]
=>0x0000000019746000 JavaThread "C2 CompilerThread0" daemon [_thread_in_native, id=20624, stack(0x0000000019dc0000,0x0000000019ec0000)]
  0x00000000196f8000 JavaThread "Attach Listener" daemon [_thread_blocked, id=1844, stack(0x0000000019cc0000,0x0000000019dc0000)]
  0x0000000019744800 JavaThread "Signal Dispatcher" daemon [_thread_blocked, id=27800, stack(0x0000000019bc0000,0x0000000019cc0000)]
  0x00000000196e0800 JavaThread "Finalizer" daemon [_thread_blocked, id=9572, stack(0x0000000019ac0000,0x0000000019bc0000)]
  0x0000000002847000 JavaThread "Reference Handler" daemon [_thread_blocked, id=15420, stack(0x00000000195c0000,0x00000000196c0000)]

Other Threads:
  0x00000000177da000 VMThread [stack: 0x00000000194c0000,0x00000000195c0000] [id=15632]
  0x0000000019802800 WatcherThread [stack: 0x000000001a2c0000,0x000000001a3c0000] [id=18136]

VM state:not at safepoint (normal execution)

VM Mutex/Monitor currently owned by a thread: None

heap address: 0x0000000081a00000, size: 2022 MB, Compressed Oops mode: 32-bit
Narrow klass base: 0x0000000000000000, Narrow klass shift: 3
Compressed class space size: 1073741824 Address: 0x0000000100000000

Heap:
 PSYoungGen      total 433664K, used 8681K [0x00000000d5e00000, 0x00000000f2400000, 0x0000000100000000)
  eden space 420864K, 2% used [0x00000000d5e00000,0x00000000d667a758,0x00000000ef900000)
  from space 12800K, 0% used [0x00000000f1780000,0x00000000f1780000,0x00000000f2400000)
  to   space 22016K, 0% used [0x00000000ef900000,0x00000000ef900000,0x00000000f0e80000)
 ParOldGen       total 165376K, used 64340K [0x0000000081a00000, 0x000000008bb80000, 0x00000000d5e00000)
  object space 165376K, 38% used [0x0000000081a00000,0x00000000858d51a0,0x000000008bb80000)
 Metaspace       used 42057K, capacity 43920K, committed 44032K, reserved 1087488K
  class space    used 5526K, capacity 6400K, committed 6400K, reserved 1048576K

Card table byte_map: [0x0000000011c10000,0x0000000012010000] byte_map_base: 0x0000000011803000

Marking Bits: (ParMarkBitMap*) 0x0000000061a34ce0
 Begin Bits: [0x0000000012ac0000, 0x0000000014a58000)
 End Bits:   [0x0000000014a58000, 0x00000000169f0000)

Polling page: 0x00000000001f0000

CodeCache: size=245760Kb used=20513Kb max_used=21993Kb free=225246Kb
 bounds [0x0000000002850000, 0x0000000003df0000, 0x0000000011850000]
 total_blobs=6547 nmethods=5861 adapters=594
 compilation: enabled

Compilation events (10 events):
Event: 13.873 Thread 0x000000001975d000 nmethod 7249 0x0000000002ff8c90 code [0x0000000002ff8e20, 0x0000000002ff9368]
Event: 13.895 Thread 0x000000001975d000 7251   !   3       sun.awt.GlobalCursorManager$NativeUpdater::run (43 bytes)
Event: 13.896 Thread 0x000000001975d000 nmethod 7251 0x0000000003c45c50 code [0x0000000003c45dc0, 0x0000000003c461e8]
Event: 13.906 Thread 0x000000001975d000 7252       3       java.util.concurrent.locks.LockSupport::park (23 bytes)
Event: 13.907 Thread 0x000000001975d000 nmethod 7252 0x0000000002f01950 code [0x0000000002f01ac0, 0x0000000002f01e08]
Event: 13.955 Thread 0x000000001975d000 7253       3       java.awt.LightweightDispatcher::dispatchEvent (73 bytes)
Event: 13.956 Thread 0x000000001975d000 nmethod 7253 0x0000000003124250 code [0x0000000003124400, 0x0000000003124c28]
Event: 13.956 Thread 0x000000001975d000 7254       3       java.awt.LightweightDispatcher::processMouseEvent (286 bytes)
Event: 13.957 Thread 0x000000001975d000 nmethod 7254 0x0000000003bcc250 code [0x0000000003bcc5c0, 0x0000000003bce3d8]
Event: 13.963 Thread 0x0000000019746000 7255       4       java.awt.Container::findComponentAtImpl (161 bytes)

GC Heap History (10 events):
Event: 5.020 GC heap before
{Heap before GC invocations=15 (full 2):
 PSYoungGen      total 322048K, used 299360K [0x00000000d5e00000, 0x00000000eb100000, 0x0000000100000000)
  eden space 299008K, 100% used [0x00000000d5e00000,0x00000000e8200000,0x00000000e8200000)
  from space 23040K, 1% used [0x00000000e9a80000,0x00000000e9ad8000,0x00000000eb100000)
  to   space 24064K, 0% used [0x00000000e8200000,0x00000000e8200000,0x00000000e9980000)
 ParOldGen       total 103936K, used 27828K [0x0000000081a00000, 0x0000000087f80000, 0x00000000d5e00000)
  object space 103936K, 26% used [0x0000000081a00000,0x000000008352d120,0x0000000087f80000)
 Metaspace       used 32412K, capacity 34186K, committed 34560K, reserved 1079296K
  class space    used 4167K, capacity 5035K, committed 5120K, reserved 1048576K
Event: 5.024 GC heap after
Heap after GC invocations=15 (full 2):
 PSYoungGen      total 323072K, used 736K [0x00000000d5e00000, 0x00000000f2e00000, 0x0000000100000000)
  eden space 299008K, 0% used [0x00000000d5e00000,0x00000000d5e00000,0x00000000e8200000)
  from space 24064K, 3% used [0x00000000e8200000,0x00000000e82b8000,0x00000000e9980000)
  to   space 23040K, 0% used [0x00000000f1780000,0x00000000f1780000,0x00000000f2e00000)
 ParOldGen       total 103936K, used 27852K [0x0000000081a00000, 0x0000000087f80000, 0x00000000d5e00000)
  object space 103936K, 26% used [0x0000000081a00000,0x0000000083533120,0x0000000087f80000)
 Metaspace       used 32412K, capacity 34186K, committed 34560K, reserved 1079296K
  class space    used 4167K, capacity 5035K, committed 5120K, reserved 1048576K
}
Event: 5.631 GC heap before
{Heap before GC invocations=16 (full 2):
 PSYoungGen      total 323072K, used 299744K [0x00000000d5e00000, 0x00000000f2e00000, 0x0000000100000000)
  eden space 299008K, 100% used [0x00000000d5e00000,0x00000000e8200000,0x00000000e8200000)
  from space 24064K, 3% used [0x00000000e8200000,0x00000000e82b8000,0x00000000e9980000)
  to   space 23040K, 0% used [0x00000000f1780000,0x00000000f1780000,0x00000000f2e00000)
 ParOldGen       total 103936K, used 27852K [0x0000000081a00000, 0x0000000087f80000, 0x00000000d5e00000)
  object space 103936K, 26% used [0x0000000081a00000,0x0000000083533120,0x0000000087f80000)
 Metaspace       used 35476K, capacity 37208K, committed 37632K, reserved 1081344K
  class space    used 4663K, capacity 5522K, committed 5632K, reserved 1048576K
Event: 5.638 GC heap after
Heap after GC invocations=16 (full 2):
 PSYoungGen      total 433664K, used 6819K [0x00000000d5e00000, 0x00000000f2400000, 0x0000000100000000)
  eden space 420864K, 0% used [0x00000000d5e00000,0x00000000d5e00000,0x00000000ef900000)
  from space 12800K, 53% used [0x00000000f1780000,0x00000000f1e28c58,0x00000000f2400000)
  to   space 22016K, 0% used [0x00000000ef900000,0x00000000ef900000,0x00000000f0e80000)
 ParOldGen       total 103936K, used 27908K [0x0000000081a00000, 0x0000000087f80000, 0x00000000d5e00000)
  object space 103936K, 26% used [0x0000000081a00000,0x0000000083541120,0x0000000087f80000)
 Metaspace       used 35476K, capacity 37208K, committed 37632K, reserved 1081344K
  class space    used 4663K, capacity 5522K, committed 5632K, reserved 1048576K
}
Event: 7.389 GC heap before
{Heap before GC invocations=17 (full 2):
 PSYoungGen      total 433664K, used 427683K [0x00000000d5e00000, 0x00000000f2400000, 0x0000000100000000)
  eden space 420864K, 100% used [0x00000000d5e00000,0x00000000ef900000,0x00000000ef900000)
  from space 12800K, 53% used [0x00000000f1780000,0x00000000f1e28c58,0x00000000f2400000)
  to   space 22016K, 0% used [0x00000000ef900000,0x00000000ef900000,0x00000000f0e80000)
 ParOldGen       total 103936K, used 27908K [0x0000000081a00000, 0x0000000087f80000, 0x00000000d5e00000)
  object space 103936K, 26% used [0x0000000081a00000,0x0000000083541120,0x0000000087f80000)
 Metaspace       used 40645K, capacity 42502K, committed 42752K, reserved 1085440K
  class space    used 5423K, capacity 6297K, committed 6400K, reserved 1048576K
Event: 7.419 GC heap after
Heap after GC invocations=17 (full 2):
 PSYoungGen      total 442880K, used 22001K [0x00000000d5e00000, 0x00000000f2400000, 0x0000000100000000)
  eden space 420864K, 0% used [0x00000000d5e00000,0x00000000d5e00000,0x00000000ef900000)
  from space 22016K, 99% used [0x00000000ef900000,0x00000000f0e7c5d8,0x00000000f0e80000)
  to   space 12800K, 0% used [0x00000000f1780000,0x00000000f1780000,0x00000000f2400000)
 ParOldGen       total 103936K, used 40851K [0x0000000081a00000, 0x0000000087f80000, 0x00000000d5e00000)
  object space 103936K, 39% used [0x0000000081a00000,0x00000000841e4e80,0x0000000087f80000)
 Metaspace       used 40645K, capacity 42502K, committed 42752K, reserved 1085440K
  class space    used 5423K, capacity 6297K, committed 6400K, reserved 1048576K
}
Event: 11.578 GC heap before
{Heap before GC invocations=18 (full 2):
 PSYoungGen      total 442880K, used 442865K [0x00000000d5e00000, 0x00000000f2400000, 0x0000000100000000)
  eden space 420864K, 100% used [0x00000000d5e00000,0x00000000ef900000,0x00000000ef900000)
  from space 22016K, 99% used [0x00000000ef900000,0x00000000f0e7c5d8,0x00000000f0e80000)
  to   space 12800K, 0% used [0x00000000f1780000,0x00000000f1780000,0x00000000f2400000)
 ParOldGen       total 103936K, used 40851K [0x0000000081a00000, 0x0000000087f80000, 0x00000000d5e00000)
  object space 103936K, 39% used [0x0000000081a00000,0x00000000841e4e80,0x0000000087f80000)
 Metaspace       used 41954K, capacity 43856K, committed 44032K, reserved 1087488K
  class space    used 5523K, capacity 6400K, committed 6400K, reserved 1048576K
Event: 11.598 GC heap after
Heap after GC invocations=18 (full 2):
 PSYoungGen      total 433664K, used 12800K [0x00000000d5e00000, 0x00000000f2400000, 0x0000000100000000)
  eden space 420864K, 0% used [0x00000000d5e00000,0x00000000d5e00000,0x00000000ef900000)
  from space 12800K, 100% used [0x00000000f1780000,0x00000000f2400000,0x00000000f2400000)
  to   space 22016K, 0% used [0x00000000ef900000,0x00000000ef900000,0x00000000f0e80000)
 ParOldGen       total 103936K, used 77038K [0x0000000081a00000, 0x0000000087f80000, 0x00000000d5e00000)
  object space 103936K, 74% used [0x0000000081a00000,0x000000008653bb70,0x0000000087f80000)
 Metaspace       used 41954K, capacity 43856K, committed 44032K, reserved 1087488K
  class space    used 5523K, capacity 6400K, committed 6400K, reserved 1048576K
}
Event: 11.598 GC heap before
{Heap before GC invocations=19 (full 3):
 PSYoungGen      total 433664K, used 12800K [0x00000000d5e00000, 0x00000000f2400000, 0x0000000100000000)
  eden space 420864K, 0% used [0x00000000d5e00000,0x00000000d5e00000,0x00000000ef900000)
  from space 12800K, 100% used [0x00000000f1780000,0x00000000f2400000,0x00000000f2400000)
  to   space 22016K, 0% used [0x00000000ef900000,0x00000000ef900000,0x00000000f0e80000)
 ParOldGen       total 103936K, used 77038K [0x0000000081a00000, 0x0000000087f80000, 0x00000000d5e00000)
  object space 103936K, 74% used [0x0000000081a00000,0x000000008653bb70,0x0000000087f80000)
 Metaspace       used 41954K, capacity 43856K, committed 44032K, reserved 1087488K
  class space    used 5523K, capacity 6400K, committed 6400K, reserved 1048576K
Event: 11.717 GC heap after
Heap after GC invocations=19 (full 3):
 PSYoungGen      total 433664K, used 0K [0x00000000d5e00000, 0x00000000f2400000, 0x0000000100000000)
  eden space 420864K, 0% used [0x00000000d5e00000,0x00000000d5e00000,0x00000000ef900000)
  from space 12800K, 0% used [0x00000000f1780000,0x00000000f1780000,0x00000000f2400000)
  to   space 22016K, 0% used [0x00000000ef900000,0x00000000ef900000,0x00000000f0e80000)
 ParOldGen       total 165376K, used 64340K [0x0000000081a00000, 0x000000008bb80000, 0x00000000d5e00000)
  object space 165376K, 38% used [0x0000000081a00000,0x00000000858d51a0,0x000000008bb80000)
 Metaspace       used 41954K, capacity 43856K, committed 44032K, reserved 1087488K
  class space    used 5523K, capacity 6400K, committed 6400K, reserved 1048576K
}

Deoptimization events (10 events):
Event: 8.443 Thread 0x000000001a82e800 Uncommon trap: reason=unstable_if action=reinterpret pc=0x0000000003c64e54 method=com.st.microxplorer.mcufinder.db.DbMcusXml.mcusCompletion(Ljava/util/ArrayList;Ljava/util/ArrayList;)V @ 451
Event: 8.554 Thread 0x000000001a82e800 Uncommon trap: reason=unstable_if action=reinterpret pc=0x000000000382e27c method=java.security.AccessControlContext.combine([Ljava/security/ProtectionDomain;[Ljava/security/ProtectionDomain;)[Ljava/security/ProtectionDomain; @ 162
Event: 8.559 Thread 0x000000001a82e800 Uncommon trap: reason=unstable_if action=reinterpret pc=0x0000000002e5e244 method=java.security.AccessControlContext.combine([Ljava/security/ProtectionDomain;[Ljava/security/ProtectionDomain;)[Ljava/security/ProtectionDomain; @ 162
Event: 8.586 Thread 0x000000001a82e800 Uncommon trap: reason=unstable_if action=reinterpret pc=0x0000000002f22728 method=sun.java2d.loops.GraphicsPrimitiveMgr.locate(Lsun/java2d/loops/GraphicsPrimitiveMgr$PrimitiveSpec;)Lsun/java2d/loops/GraphicsPrimitive; @ 85
Event: 8.630 Thread 0x000000001a82e800 Uncommon trap: reason=unstable_if action=reinterpret pc=0x00000000035be1c8 method=java.awt.font.FontRenderContext.equals(Ljava/awt/font/FontRenderContext;)Z @ 35
Event: 8.793 Thread 0x000000001a82e800 Uncommon trap: reason=unstable_if action=reinterpret pc=0x0000000002a362ac method=java.util.concurrent.ConcurrentHashMap.get(Ljava/lang/Object;)Ljava/lang/Object; @ 152
Event: 8.856 Thread 0x000000001a82e800 Uncommon trap: reason=unstable_if action=reinterpret pc=0x0000000003a5c900 method=java.util.WeakHashMap.put(Ljava/lang/Object;Ljava/lang/Object;)Ljava/lang/Object; @ 59
Event: 8.887 Thread 0x000000001a82e800 Uncommon trap: reason=unstable_if action=reinterpret pc=0x0000000003dbbabc method=sun.font.CMap$CMapFormat4.getGlyph(I)C @ 181
Event: 10.891 Thread 0x000000001a82e800 Uncommon trap: reason=unstable_if action=reinterpret pc=0x0000000003d166e4 method=java.awt.image.DirectColorModel.getsRGBComponentFromsRGB(II)I @ 20
Event: 11.858 Thread 0x000000001a82e800 Uncommon trap: reason=unstable_if action=reinterpret pc=0x0000000002dcd308 method=javax.swing.LayoutComparator.compare(Ljava/awt/Component;Ljava/awt/Component;)I @ 171

Classes redefined (0 events):
No events

Internal exceptions (10 events):
Event: 8.533 Thread 0x000000001a82e800 Exception <a 'java/lang/NullPointerException'> (0x00000000ee7050b0) thrown at [C:\re\workspace\8-2-build-windows-amd64-cygwin\jdk8u201\12322\hotspot\src\share\vm\interpreter\linkResolver.cpp, line 1185]
Event: 8.534 Thread 0x000000001a82e800 Exception <a 'java/lang/NullPointerException'> (0x00000000ee74c120) thrown at [C:\re\workspace\8-2-build-windows-amd64-cygwin\jdk8u201\12322\hotspot\src\share\vm\interpreter\linkResolver.cpp, line 1185]
Event: 8.537 Thread 0x000000001a82e800 Exception <a 'java/lang/NullPointerException'> (0x00000000ee8a1900) thrown at [C:\re\workspace\8-2-build-windows-amd64-cygwin\jdk8u201\12322\hotspot\src\share\vm\interpreter\linkResolver.cpp, line 1185]
Event: 8.538 Thread 0x000000001a82e800 Exception <a 'java/lang/NullPointerException'> (0x00000000ee8c0878) thrown at [C:\re\workspace\8-2-build-windows-amd64-cygwin\jdk8u201\12322\hotspot\src\share\vm\interpreter\linkResolver.cpp, line 1185]
Event: 8.539 Thread 0x000000001a82e800 Exception <a 'java/lang/NullPointerException'> (0x00000000ee9643a8) thrown at [C:\re\workspace\8-2-build-windows-amd64-cygwin\jdk8u201\12322\hotspot\src\share\vm\interpreter\linkResolver.cpp, line 1185]
Event: 8.539 Thread 0x000000001a82e800 Exception <a 'java/lang/NullPointerException'> (0x00000000ee9645b0) thrown at [C:\re\workspace\8-2-build-windows-amd64-cygwin\jdk8u201\12322\hotspot\src\share\vm\interpreter\linkResolver.cpp, line 1185]
Event: 8.549 Thread 0x000000001a82e800 Exception <a 'java/lang/NullPointerException'> (0x00000000eee2e390) thrown at [C:\re\workspace\8-2-build-windows-amd64-cygwin\jdk8u201\12322\hotspot\src\share\vm\interpreter\linkResolver.cpp, line 1185]
Event: 8.549 Thread 0x000000001a82e800 Exception <a 'java/lang/NullPointerException'> (0x00000000eee51b68) thrown at [C:\re\workspace\8-2-build-windows-amd64-cygwin\jdk8u201\12322\hotspot\src\share\vm\interpreter\linkResolver.cpp, line 1185]
Event: 8.549 Thread 0x000000001a82e800 Exception <a 'java/lang/NullPointerException'> (0x00000000eee51d70) thrown at [C:\re\workspace\8-2-build-windows-amd64-cygwin\jdk8u201\12322\hotspot\src\share\vm\interpreter\linkResolver.cpp, line 1185]
Event: 8.549 Thread 0x000000001a82e800 Exception <a 'java/lang/NullPointerException'> (0x00000000eee51f78) thrown at [C:\re\workspace\8-2-build-windows-amd64-cygwin\jdk8u201\12322\hotspot\src\share\vm\interpreter\linkResolver.cpp, line 1185]

Events (10 events):
Event: 13.435 Thread 0x000000001974f000 flushing nmethod 0x0000000003c45c50
Event: 13.435 Thread 0x000000001974f000 flushing nmethod 0x0000000003c483d0
Event: 13.436 Thread 0x000000001974f000 flushing nmethod 0x0000000003c4a990
Event: 13.436 Thread 0x000000001974f000 flushing nmethod 0x0000000003c648d0
Event: 13.436 Thread 0x000000001974f000 flushing nmethod 0x0000000003c69490
Event: 13.436 Thread 0x000000001974f000 flushing nmethod 0x0000000003c773d0
Event: 13.436 Thread 0x000000001974f000 flushing nmethod 0x0000000003c79110
Event: 13.436 Thread 0x000000001974f000 flushing nmethod 0x0000000003c84a90
Event: 13.436 Thread 0x000000001974f000 flushing nmethod 0x0000000003c94ad0
Event: 13.436 Thread 0x000000001974f000 flushing nmethod 0x0000000003c9b990


Dynamic libraries:
0x00007ff63f380000 - 0x00007ff63f3b7000 	C:\Program Files\Java\jre1.8.0_201\bin\javaw.exe
0x00007ffb7b2d0000 - 0x00007ffb7b4bd000 	C:\WINDOWS\SYSTEM32\ntdll.dll
0x00007ffb7b1e0000 - 0x00007ffb7b293000 	C:\WINDOWS\System32\KERNEL32.DLL
0x00007ffb773a0000 - 0x00007ffb77633000 	C:\WINDOWS\System32\KERNELBASE.dll
0x00007ffb7b130000 - 0x00007ffb7b1d3000 	C:\WINDOWS\System32\ADVAPI32.dll
0x00007ffb78c40000 - 0x00007ffb78cde000 	C:\WINDOWS\System32\msvcrt.dll
0x00007ffb78ba0000 - 0x00007ffb78c3e000 	C:\WINDOWS\System32\sechost.dll
0x00007ffb7ae40000 - 0x00007ffb7af62000 	C:\WINDOWS\System32\RPCRT4.dll
0x00007ffb7aa40000 - 0x00007ffb7abd7000 	C:\WINDOWS\System32\USER32.dll
0x00007ffb778e0000 - 0x00007ffb77900000 	C:\WINDOWS\System32\win32u.dll
0x00007ffb7aa00000 - 0x00007ffb7aa29000 	C:\WINDOWS\System32\GDI32.dll
0x00007ffb77740000 - 0x00007ffb778da000 	C:\WINDOWS\System32\gdi32full.dll
0x00007ffb78440000 - 0x00007ffb784e0000 	C:\WINDOWS\System32\msvcp_win.dll
0x00007ffb77ae0000 - 0x00007ffb77bda000 	C:\WINDOWS\System32\ucrtbase.dll
0x00007ffb608d0000 - 0x00007ffb60b49000 	C:\WINDOWS\WinSxS\amd64_microsoft.windows.common-controls_6595b64144ccf1df_6.0.17763.379_none_05b83be8071c94a1\COMCTL32.dll
0x00007ffb78e50000 - 0x00007ffb7917d000 	C:\WINDOWS\System32\combase.dll
0x00007ffb77640000 - 0x00007ffb776be000 	C:\WINDOWS\System32\bcryptPrimitives.dll
0x00007ffb7a9b0000 - 0x00007ffb7a9de000 	C:\WINDOWS\System32\IMM32.DLL
0x00000000628d0000 - 0x00000000629a1000 	C:\Program Files\Java\jre1.8.0_201\bin\msvcr100.dll
0x0000000061210000 - 0x0000000061ab4000 	C:\Program Files\Java\jre1.8.0_201\bin\server\jvm.dll
0x00007ffb78b20000 - 0x00007ffb78b28000 	C:\WINDOWS\System32\PSAPI.DLL
0x00007ffb52190000 - 0x00007ffb52199000 	C:\WINDOWS\SYSTEM32\WSOCK32.dll
0x00007ffb78b30000 - 0x00007ffb78b9d000 	C:\WINDOWS\System32\WS2_32.dll
0x00007ffb6a8f0000 - 0x00007ffb6a8fa000 	C:\WINDOWS\SYSTEM32\VERSION.dll
0x00007ffb73c40000 - 0x00007ffb73c64000 	C:\WINDOWS\SYSTEM32\WINMM.dll
0x00007ffb73c10000 - 0x00007ffb73c3d000 	C:\WINDOWS\SYSTEM32\WINMMBASE.dll
0x00007ffb776f0000 - 0x00007ffb7773a000 	C:\WINDOWS\System32\cfgmgr32.dll
0x00007ffb73630000 - 0x00007ffb7363f000 	C:\Program Files\Java\jre1.8.0_201\bin\verify.dll
0x00007ffb67190000 - 0x00007ffb671b9000 	C:\Program Files\Java\jre1.8.0_201\bin\java.dll
0x00007ffb6d220000 - 0x00007ffb6d236000 	C:\Program Files\Java\jre1.8.0_201\bin\zip.dll
0x00007ffb79230000 - 0x00007ffb7a720000 	C:\WINDOWS\System32\SHELL32.dll
0x00007ffb79180000 - 0x00007ffb79228000 	C:\WINDOWS\System32\shcore.dll
0x00007ffb77be0000 - 0x00007ffb7832a000 	C:\WINDOWS\System32\windows.storage.dll
0x00007ffb772d0000 - 0x00007ffb772f4000 	C:\WINDOWS\System32\profapi.dll
0x00007ffb77320000 - 0x00007ffb7737d000 	C:\WINDOWS\System32\powrprof.dll
0x00007ffb7a7a0000 - 0x00007ffb7a7f2000 	C:\WINDOWS\System32\shlwapi.dll
0x00007ffb77380000 - 0x00007ffb77391000 	C:\WINDOWS\System32\kernel.appcore.dll
0x00007ffb784e0000 - 0x00007ffb784f7000 	C:\WINDOWS\System32\cryptsp.dll
0x00007ffb6cf80000 - 0x00007ffb6cf9a000 	C:\Program Files\Java\jre1.8.0_201\bin\net.dll
0x00007ffb683c0000 - 0x00007ffb68596000 	C:\WINDOWS\SYSTEM32\urlmon.dll
0x00007ffb66690000 - 0x00007ffb66938000 	C:\WINDOWS\SYSTEM32\iertutil.dll
0x00007ffb76d20000 - 0x00007ffb76d2c000 	C:\WINDOWS\SYSTEM32\CRYPTBASE.DLL
0x00007ffb76b50000 - 0x00007ffb76bb7000 	C:\WINDOWS\system32\mswsock.dll
0x00007ffb768f0000 - 0x00007ffb769b6000 	C:\WINDOWS\SYSTEM32\DNSAPI.dll
0x00007ffb78690000 - 0x00007ffb78698000 	C:\WINDOWS\System32\NSI.dll
0x00007ffb768b0000 - 0x00007ffb768ed000 	C:\WINDOWS\SYSTEM32\IPHLPAPI.DLL
0x00007ffb685d0000 - 0x00007ffb685da000 	C:\Windows\System32\rasadhlp.dll
0x00007ffb735c0000 - 0x00007ffb735cd000 	C:\Program Files\Java\jre1.8.0_201\bin\management.dll
0x00007ffb3a0a0000 - 0x00007ffb3a239000 	C:\Program Files\Java\jre1.8.0_201\bin\awt.dll
0x00007ffb7a8e0000 - 0x00007ffb7a9ab000 	C:\WINDOWS\System32\OLEAUT32.dll
0x00007ffb75260000 - 0x00007ffb752ec000 	C:\WINDOWS\SYSTEM32\apphelp.dll
0x00007ffb75580000 - 0x00007ffb7561c000 	C:\WINDOWS\system32\uxtheme.dll
0x00007ffb78ce0000 - 0x00007ffb78e4a000 	C:\WINDOWS\System32\MSCTF.dll
0x00007ffb75860000 - 0x00007ffb7588e000 	C:\WINDOWS\system32\dwmapi.dll
0x00007ffb77900000 - 0x00007ffb77adb000 	C:\WINDOWS\System32\CRYPT32.dll
0x00007ffb77300000 - 0x00007ffb77312000 	C:\WINDOWS\System32\MSASN1.dll
0x00007ffb7afd0000 - 0x00007ffb7b125000 	C:\WINDOWS\System32\ole32.dll
0x00007ffb5a870000 - 0x00007ffb5a997000 	C:\WINDOWS\system32\opengl32.dll
0x00007ffb5a7f0000 - 0x00007ffb5a81c000 	C:\WINDOWS\SYSTEM32\GLU32.dll
0x00007ffb67a20000 - 0x00007ffb67bbe000 	C:\WINDOWS\system32\d3d9.dll
0x00007ffb1d970000 - 0x00007ffb20ec2000 	C:\WINDOWS\System32\DriverStore\FileRepository\igdlh64.inf_amd64_c2e73dacf0c8544d\igd9dxva64.dll
0x00007ffb78330000 - 0x00007ffb78389000 	C:\WINDOWS\System32\WINTRUST.DLL
0x00007ffb7a9e0000 - 0x00007ffb7a9fd000 	C:\WINDOWS\System32\imagehlp.dll
0x00007ffb76710000 - 0x00007ffb76743000 	C:\WINDOWS\system32\rsaenh.dll
0x00007ffb776c0000 - 0x00007ffb776e6000 	C:\WINDOWS\System32\bcrypt.dll
0x00007ffb3f430000 - 0x00007ffb3f51e000 	C:\WINDOWS\System32\DriverStore\FileRepository\nvlti.inf_amd64_829f9f00d6329f1a\nvldumdx.dll
0x00007ffb1c580000 - 0x00007ffb1d96a000 	C:\WINDOWS\System32\DriverStore\FileRepository\nvlti.inf_amd64_829f9f00d6329f1a\nvd3dumx.dll
0x00007ffb36580000 - 0x00007ffb36846000 	C:\WINDOWS\system32\nvspcap64.dll
0x00007ffb76390000 - 0x00007ffb763c1000 	C:\WINDOWS\SYSTEM32\ntmarta.dll
0x00007ffb75fb0000 - 0x00007ffb75fd2000 	C:\WINDOWS\SYSTEM32\gpapi.dll
0x00007ffb6a360000 - 0x00007ffb6a38f000 	C:\WINDOWS\SYSTEM32\cryptnet.dll
0x00007ffb34500000 - 0x00007ffb346e7000 	C:\WINDOWS\System32\DriverStore\FileRepository\igdlh64.inf_amd64_c2e73dacf0c8544d\igdumdim64.dll
0x00007ffb6dbc0000 - 0x00007ffb6fa7e000 	C:\WINDOWS\System32\DriverStore\FileRepository\igdlh64.inf_amd64_c2e73dacf0c8544d\igc64.dll
0x00007ffb77200000 - 0x00007ffb77228000 	C:\WINDOWS\SYSTEM32\USERENV.dll
0x00007ffb6a410000 - 0x00007ffb6a426000 	C:\WINDOWS\SYSTEM32\dhcpcsvc6.DLL
0x00007ffb6a3f0000 - 0x00007ffb6a40c000 	C:\WINDOWS\SYSTEM32\dhcpcsvc.DLL
0x00007ffb6bc80000 - 0x00007ffb6bc91000 	C:\Program Files\Java\jre1.8.0_201\bin\nio.dll
0x00007ffb5ca80000 - 0x00007ffb5cac7000 	C:\Program Files\Java\jre1.8.0_201\bin\fontmanager.dll
0x00007ffb55b00000 - 0x00007ffb55b42000 	C:\Program Files\Java\jre1.8.0_201\bin\t2k.dll
0x00007ffb525a0000 - 0x00007ffb525d1000 	C:\Program Files\Java\jre1.8.0_201\bin\jpeg.dll
0x00007ffb7ad90000 - 0x00007ffb7ae32000 	C:\WINDOWS\System32\clbcatq.dll
0x00007ffb718b0000 - 0x00007ffb71a68000 	C:\WINDOWS\SYSTEM32\WindowsCodecs.dll
0x00007ffb58560000 - 0x00007ffb585b6000 	C:\WINDOWS\system32\dataexchange.dll
0x00007ffb74290000 - 0x00007ffb7450e000 	C:\WINDOWS\system32\d3d11.dll
0x00007ffb74ad0000 - 0x00007ffb74c93000 	C:\WINDOWS\system32\dcomp.dll
0x00007ffb76050000 - 0x00007ffb76112000 	C:\WINDOWS\system32\dxgi.dll
0x00007ffb75650000 - 0x00007ffb7585d000 	C:\WINDOWS\system32\twinapi.appcore.dll
0x00007ffb75890000 - 0x00007ffb758b8000 	C:\WINDOWS\system32\RMCLIENT.dll
0x00007ffb5cc90000 - 0x00007ffb5cd25000 	C:\WINDOWS\System32\TextInputFramework.dll
0x00007ffb75010000 - 0x00007ffb750f2000 	C:\WINDOWS\System32\CoreMessaging.dll
0x00007ffb72040000 - 0x00007ffb72362000 	C:\WINDOWS\System32\CoreUIComponents.dll
0x00007ffb72c50000 - 0x00007ffb72da3000 	C:\WINDOWS\SYSTEM32\wintypes.dll
0x00007ffb686e0000 - 0x00007ffb68759000 	C:\WINDOWS\System32\fwpuclnt.dll
0x00007ffb5ca50000 - 0x00007ffb5ca7a000 	C:\Program Files\Java\jre1.8.0_201\bin\dcpr.dll

VM Arguments:
java_command: com.st.microxplorer.maingui.STM32CubeMX D:\Workspace\AD-31\firmware\AD-31-firmware\AD-31-firmware.ioc
java_class_path (initial): C:\Program Files (x86)\STMicroelectronics\STM32Cube\STM32CubeMX\STM32CubeMX.exe;anything
Launcher Type: SUN_STANDARD

Environment Variables:
PATH=C:\Program Files (x86)\STMicroelectronics\STM32Cube\STM32CubeMX\;C:\Program Files (x86)\CodeSourcery\Sourcery_CodeBench_Lite_for_ARM_EABI\bin;C:\Program Files (x86)\STMicroelectronics\st_toolset\asm;C:\Program Files\LLVM\bin;C:\Program Files (x86)\Common Files\Oracle\Java\javapath;C:\WINDOWS\system32;C:\WINDOWS;C:\WINDOWS\System32\Wbem;C:\WINDOWS\System32\WindowsPowerShell\v1.0\;C:\WINDOWS\System32\OpenSSH\;C:\Program Files\PTC\Creo Elements\Pro5.0\bin;C:\Program Files\NVIDIA Corporation\NVIDIA NvDLISR;C:\Program Files (x86)\NVIDIA Corporation\PhysX\Common;C:\Program Files\Git\cmd;C:\Program Files\Intel\WiFi\bin\;C:\Program Files\Common Files\Intel\WirelessCommon\;C:\Program Files (x86)\Atmel\sam-ba_2.12\drv\;C:\Program Files (x86)\Atmel\sam-ba_2.12;C:\Cadence\Cadence\Cadence_SPB_16.6\tools\pspice;C:\Cadence\Cadence\Cadence_SPB_16.6\tools\specctra\bin;C:\Cadence\Cadence\Cadence_SPB_16.6\tools\libutil\bin;C:\Cadence\Cadence\Cadence_SPB_16.6\tools\pcb\bin;C:\Cadence\Cadence\Cadence_SPB_16.6\tools\capture;C:\Cadence\Cadence\Cadence_SPB_16.6\tools\fet\bin;C:\Cadence\Cadence\Cadence_SPB_16.6\tools\bin;C:\Cadence\Cadence\Cadence_SPB_16.6\openaccess\bin\win32\opt;C:\Users\oy\AppData\Local\Microsoft\WindowsApps;C:\MentorGraphics\PADSVX.2.4\SDD_HOME\CAMCAD;C:\Users\oy\AppData\Local\Programs\Microsoft VS Code\bin;C:\Program Files (x86)\IDM Computer Solutions\UltraEdit\;C:\Program Files\Java\jre1.8.0_201\bin
USERNAME=oy
OS=Windows_NT
PROCESSOR_IDENTIFIER=Intel64 Family 6 Model 142 Stepping 10, GenuineIntel



---------------  S Y S T E M  ---------------

OS: Windows 10.0 , 64 bit Build 17763 (10.0.17763.379)

CPU:total 8 (initial active 8) (4 cores per cpu, 2 threads per core) family 6 model 142 stepping 10, cmov, cx8, fxsr, mmx, sse, sse2, sse3, ssse3, sse4.1, sse4.2, popcnt, avx, avx2, aes, clmul, erms, 3dnowpref, lzcnt, ht, tsc, tscinvbit, bmi1, bmi2, adx

Memory: 4k page, physical 8276244k(621316k free), swap 25495268k(8k free)

vm_info: Java HotSpot(TM) 64-Bit Server VM (25.201-b09) for windows-amd64 JRE (1.8.0_201-b09), built on Dec 15 2018 18:36:39 by "java_re" with MS VC++ 10.0 (VS2010)

time: Wed Apr 10 23:20:31 2019
timezone: 中国标准时间
elapsed time: 13 seconds (0d 0h 0m 13s)

