Drill Listing
=============
Drill: .01181  Tool: 1  Feed: 95  Speed: 300
X 435370  Y 409170
X 425370  Y 419170
X 415370  Y 419170
X 435370  Y 419170
X 415370  Y 429170
X 425370  Y 429170
X 435370  Y 429170
X 435370  Y 439170
X 415370  Y 439170
X 425370  Y 439170
X 425370  Y 449170
X 415370  Y 449170
X 435370  Y 449170
X 415370  Y 459170
X 435370  Y 459170
X 425370  Y 459170
X 425370  Y 469170
X 435370  Y 469170
X 415370  Y 469170
X 425370  Y 479170
X 415370  Y 479170
X 435370  Y 479170
X 425370  Y 489170
X 415370  Y 489170
X 435370  Y 489170
X 435370  Y 499170
X 425370  Y 499170
X 415370  Y 509170
X 425370  Y 509170
X 435370  Y 509170
X 435370  Y 519170
X 425370  Y 519170
X 415370  Y 519170
X 425370  Y 529170
X 415370  Y 529170
X 435370  Y 529170
X 415370  Y 539170
X 425370  Y 539170
X 415370  Y 549170
X 425370  Y 549170
X 434645  Y 558776
X 438582  Y 559041
X 425370  Y 559170
X 415370  Y 559170
X 425370  Y 569170
X 415370  Y 569170
X 435370  Y 569170
X 415370  Y 579170
X 435370  Y 579170
X 425370  Y 579170
X 425370  Y 589170
X 415370  Y 589170
X 415370  Y 599170
X 425370  Y 599170
X 425370  Y 609170
X 435370  Y 619170
X 455370  Y 619170
X 445370  Y 619170
X 455370  Y 609170
X 445370  Y 609170
X 452349  Y 602475
X 445370  Y 599170
X 445370  Y 589170
X 455370  Y 579170
X 445370  Y 579170
X 455370  Y 569170
X 445370  Y 569170
X 458601  Y 552676
X 441912  Y 548285
X 455370  Y 529170
X 445370  Y 529170
X 445370  Y 519170
X 455370  Y 519170
X 455370  Y 509170
X 445370  Y 509170
X 445370  Y 499170
X 455370  Y 499170
X 445370  Y 489170
X 455370  Y 489170
X 455370  Y 479170
X 445370  Y 479170
X 445370  Y 469170
X 455370  Y 469170
X 445370  Y 459170
X 455370  Y 459170
X 455370  Y 449170
X 445370  Y 449170
X 445370  Y 439170
X 445370  Y 429170
X 445370  Y 419170
X 455370  Y 419170
X 455370  Y 409170
X 445370  Y 409170
X 465370  Y 409170
X 475370  Y 409170
X 475370  Y 419170
X 465370  Y 419170
X 477905  Y 427307
X 465370  Y 449170
X 475370  Y 449170
X 475370  Y 459170
X 465370  Y 459170
X 468294  Y 464167
X 465370  Y 469170
X 475370  Y 469170
X 485370  Y 479170
X 475370  Y 479170
X 465370  Y 479170
X 465370  Y 489170
X 485370  Y 489170
X 475370  Y 489170
X 485370  Y 499170
X 465370  Y 499170
X 485370  Y 509170
X 465370  Y 509170
X 475370  Y 509170
X 485370  Y 519170
X 475370  Y 519170
X 465370  Y 519170
X 481859  Y 524309
X 485690  Y 527256
X 465370  Y 529170
X 475370  Y 529170
X 481182  Y 533019
X 475370  Y 539170
X 465370  Y 539170
X 475370  Y 549170
X 465370  Y 549170
X 481270  Y 565565
X 465370  Y 569170
X 488932  Y 571164
X 466388  Y 576911
X 475370  Y 579170
X 485370  Y 589170
X 483673  Y 598878
X 489125  Y 600057
X 483526  Y 607571
X 465370  Y 609170
X 478811  Y 610223
X 488093  Y 611255
X 474832  Y 617738
X 465370  Y 619170
X 483968  Y 619653
X 476453  Y 622011
X 507985  Y 623042
X 493545  Y 621274
X 504449  Y 620538
X 515205  Y 620390
X 501354  Y 617443
X 506069  Y 616559
X 495019  Y 612876
X 503270  Y 606982
X 514321  Y 606834
X 490893  Y 603888
X 510099  Y 602330
X 495927  Y 600546
X 506217  Y 599025
X 512885  Y 594060
X 500765  Y 594015
X 493205  Y 575732
X 505370  Y 549170
X 505370  Y 519170
X 505370  Y 509170
X 505370  Y 499170
X 505370  Y 489170
X 505370  Y 479170
X 505370  Y 469170
X 505370  Y 439170
X 495370  Y 439170
X 495370  Y 429170
X 505370  Y 429170
X 499146  Y 422996
X 505370  Y 419170
X 505370  Y 409170
X 535370  Y 409170
X 525370  Y 409170
X 515370  Y 409170
X 535370  Y 419170
X 525370  Y 419170
X 515370  Y 419170
X 535370  Y 429170
X 525370  Y 429170
X 515370  Y 429170
X 535370  Y 439170
X 525370  Y 439170
X 515370  Y 439170
X 535370  Y 469170
X 525370  Y 469170
X 525370  Y 479170
X 525370  Y 489170
X 525370  Y 499170
X 525370  Y 509170
X 525370  Y 519170
X 525370  Y 539170
X 518269  Y 584693
X 523526  Y 584937
X 535370  Y 589170
X 526256  Y 594899
X 517415  Y 598436
X 538043  Y 600057
X 527729  Y 601677
X 539369  Y 604330
X 521454  Y 604582
X 529055  Y 607129
X 523309  Y 613170
X 515794  Y 614496
X 531560  Y 616117
X 526992  Y 618917
X 534507  Y 620390
X 524046  Y 624074
X 559791  Y 623290
X 544232  Y 623042
X 556113  Y 618082
X 540990  Y 616854
X 550561  Y 611142
X 556575  Y 610217
X 541580  Y 608603
X 557500  Y 602815
X 562249  Y 602690
X 549919  Y 601188
X 555725  Y 597552
X 551304  Y 592837
X 545370  Y 589170
X 555370  Y 589170
X 545370  Y 469170
X 555370  Y 469170
X 555370  Y 439170
X 545370  Y 439170
X 545370  Y 429170
X 555370  Y 429170
X 555370  Y 419170
X 545370  Y 419170
X 545370  Y 409170
X 555370  Y 409170
X 565370  Y 409170
X 585370  Y 419170
X 565370  Y 419170
X 585370  Y 429170
X 565370  Y 429170
X 565370  Y 439170
X 585370  Y 439170
X 575370  Y 469170
X 565370  Y 469170
X 585370  Y 469170
X 571653  Y 586311
X 585370  Y 589170
X 579465  Y 591895
X 587993  Y 596373
X 568337  Y 602515
X 580976  Y 602948
X 572768  Y 606747
X 587574  Y 607904
X 566127  Y 609292
X 579535  Y 611061
X 589887  Y 613456
X 569298  Y 615075
X 579940  Y 618082
X 567679  Y 620627
X 583071  Y 623290
X 592796  Y 621080
X 594270  Y 603988
X 609653  Y 598141
X 595213  Y 597404
X 602479  Y 594560
X 605370  Y 589170
X 595370  Y 589170
X 595370  Y 469170
X 595370  Y 439170
X 605370  Y 439170
X 605370  Y 429170
X 595370  Y 429170
X 595370  Y 419170
X 605370  Y 419170
X 595370  Y 409170
X 605370  Y 409170
X 635370  Y 409170
X 615370  Y 409170
X 625370  Y 409170
X 615370  Y 419170
X 635370  Y 419170
X 625370  Y 419170
X 635370  Y 429170
X 625370  Y 429170
X 615370  Y 429170
X 625370  Y 439170
X 615370  Y 439170
X 625370  Y 449170
X 625370  Y 459170
X 619574  Y 463778
X 628534  Y 498269
X 627311  Y 503462
X 619602  Y 505466
X 627938  Y 507322
X 631171  Y 511023
X 620618  Y 515030
X 635433  Y 533004
X 625370  Y 539170
X 625370  Y 549170
X 625370  Y 559170
X 625370  Y 569170
X 615370  Y 579170
X 625370  Y 579170
X 615370  Y 589170
X 625370  Y 589170
X 619083  Y 595636
X 655370  Y 589170
X 645370  Y 589170
X 655370  Y 569170
X 645370  Y 569170
X 655370  Y 559170
X 645370  Y 559170
X 655370  Y 549170
X 645370  Y 549170
X 641229  Y 518110
X 643007  Y 511023
X 655870  Y 475106
X 655370  Y 469170
X 647980  Y 463867
X 655370  Y 459170
X 655370  Y 449170
X 648279  Y 447668
X 655370  Y 439170
X 645370  Y 439170
X 655370  Y 429170
X 645370  Y 429170
X 655370  Y 419170
X 645370  Y 419170
X 645370  Y 409170
X 655370  Y 409170
X 685370  Y 409170
X 665370  Y 409170
X 675370  Y 409170
X 685370  Y 419170
X 675370  Y 419170
X 665370  Y 419170
X 675370  Y 429170
X 685370  Y 429170
X 665370  Y 429170
X 675370  Y 439170
X 685370  Y 439170
X 665370  Y 439170
X 665370  Y 449170
X 675370  Y 449170
X 685370  Y 449170
X 665370  Y 459170
X 685370  Y 459170
X 675370  Y 459170
X 665370  Y 469170
X 675370  Y 469170
X 685370  Y 469170
X 685370  Y 479170
X 680292  Y 486679
X 679428  Y 507297
X 685370  Y 519170
X 665370  Y 549170
X 685370  Y 549170
X 675370  Y 549170
X 685370  Y 559170
X 675370  Y 559170
X 665370  Y 559170
X 665370  Y 569170
X 675370  Y 569170
X 685370  Y 569170
X 665370  Y 579170
X 685370  Y 579170
X 675370  Y 579170
X 685370  Y 589170
X 675370  Y 589170
X 707975  Y 593700
X 707988  Y 585826
X 710696  Y 573974
X 705370  Y 529170
X 695370  Y 529170
X 694959  Y 516310
X 703244  Y 503509
X 706711  Y 500309
X 692817  Y 483103
X 691442  Y 475152
X 695370  Y 469170
X 695370  Y 459170
X 695370  Y 449170
X 695370  Y 439170
X 695370  Y 429170
X 705370  Y 429170
X 695370  Y 419170
X 705370  Y 419170
X 705370  Y 409170
X 695370  Y 409170
X 735370  Y 409170
X 715370  Y 409170
X 725370  Y 409170
X 735370  Y 419170
X 725370  Y 419170
X 715370  Y 419170
X 725370  Y 429170
X 715370  Y 429170
X 715370  Y 439170
X 725370  Y 439170
X 715370  Y 449170
X 735370  Y 449170
X 725370  Y 449170
X 715370  Y 459170
X 725370  Y 459170
X 725370  Y 469170
X 715370  Y 469170
X 725370  Y 509170
X 735370  Y 509170
X 718661  Y 513555
X 725370  Y 519170
X 735370  Y 519170
X 736393  Y 527295
X 739417  Y 537792
X 715370  Y 539170
X 715370  Y 549170
X 725370  Y 549170
X 727307  Y 566560
X 734158  Y 568719
X 739601  Y 571628
X 739977  Y 577728
X 716890  Y 578010
X 727666  Y 585826
X 715370  Y 589170
X 731535  Y 593700
X 759855  Y 612462
X 741461  Y 611149
X 751502  Y 610961
X 761357  Y 606644
X 740991  Y 606174
X 751409  Y 604204
X 761545  Y 591807
X 749189  Y 590693
X 746597  Y 587668
X 751735  Y 587186
X 745796  Y 579324
X 755118  Y 570668
X 761258  Y 548792
X 742001  Y 534645
X 745370  Y 519170
X 755370  Y 519170
X 756848  Y 468991
X 753680  Y 468931
X 750571  Y 468871
X 756908  Y 464986
X 753201  Y 464627
X 749973  Y 464388
X 750153  Y 460503
X 753500  Y 460323
X 757027  Y 460264
X 749481  Y 447292
X 758209  Y 445439
X 755370  Y 439170
X 760241  Y 435098
X 755370  Y 429170
X 755370  Y 419170
X 745370  Y 419170
X 755370  Y 409170
X 745370  Y 409170
X 765370  Y 409170
X 775370  Y 409170
X 775370  Y 419170
X 765370  Y 419170
X 775370  Y 429170
X 765370  Y 429170
X 785370  Y 429170
X 773855  Y 436323
X 765370  Y 439170
X 766518  Y 444722
X 785370  Y 479170
X 785370  Y 489170
X 785370  Y 499170
X 785370  Y 509170
X 775370  Y 509170
X 785370  Y 519170
X 765370  Y 519170
X 785370  Y 529170
X 765742  Y 543711
X 776681  Y 546162
X 769388  Y 548195
X 784492  Y 567394
X 782729  Y 571763
X 778626  Y 574720
X 782758  Y 585119
X 778711  Y 585407
X 785370  Y 589170
X 775325  Y 598851
X 781780  Y 599200
X 783256  Y 606795
X 771493  Y 607113
X 783794  Y 611876
X 771774  Y 612462
X 792283  Y 610979
X 810375  Y 610690
X 805642  Y 607935
X 810973  Y 600110
X 796921  Y 589976
X 810548  Y 563982
X 813661  Y 558547
X 806039  Y 553892
X 792329  Y 553443
X 795370  Y 519170
X 805370  Y 519170
X 795370  Y 509170
X 805370  Y 509170
X 795370  Y 499170
X 805370  Y 499170
X 795370  Y 489170
X 805370  Y 489170
X 805370  Y 479170
X 795370  Y 479170
X 805370  Y 469170
X 795370  Y 469170
X 805370  Y 439170
X 795460  Y 435504
X 795370  Y 429170
X 805370  Y 429170
X 805370  Y 419170
X 795370  Y 419170
X 805370  Y 409170
X 795370  Y 409170
X 835370  Y 409170
X 825370  Y 409170
X 815370  Y 409170
X 815370  Y 419170
X 835370  Y 429170
X 825370  Y 429170
X 815370  Y 429170
X 835370  Y 439170
X 825370  Y 439170
X 815370  Y 439170
X 836054  Y 448486
X 815370  Y 449170
X 835370  Y 469170
X 825370  Y 469170
X 815370  Y 469170
X 815370  Y 479170
X 815370  Y 489170
X 822893  Y 493761
X 835370  Y 499170
X 815370  Y 499170
X 835370  Y 509170
X 815370  Y 509170
X 829651  Y 512885
X 815370  Y 519170
X 835370  Y 519170
X 815370  Y 529170
X 835370  Y 529170
X 829651  Y 529965
X 835370  Y 539170
X 829839  Y 544700
X 835370  Y 549170
X 822687  Y 551373
X 828150  Y 552114
X 831235  Y 557411
X 822630  Y 558847
X 835370  Y 559170
X 819160  Y 574567
X 818110  Y 595397
X 828260  Y 595570
X 839127  Y 610607
X 848380  Y 600659
X 841539  Y 598743
X 850785  Y 592622
X 850666  Y 574031
X 845370  Y 569170
X 841440  Y 564572
X 845370  Y 559170
X 845370  Y 549170
X 845370  Y 539170
X 845370  Y 529170
X 845370  Y 519170
X 845370  Y 509170
X 845370  Y 499170
X 845370  Y 449170
X 845370  Y 439170
X 845370  Y 429170
X 845370  Y 419170

Drill: .03543  Tool: 2  Feed: 197  Speed: 550
X 735748  Y 622047
X 755748  Y 622047
X 745748  Y 622047
X 778346  Y 622047
X 788346  Y 622047
X 765748  Y 622047
X 846456  Y 456692
X 846456  Y 466693
X 846456  Y 476692
X 846456  Y 486692
X 828346  Y 622047
X 808346  Y 622047
X 818346  Y 622047
X 798346  Y 622047

End of Listing
